Arguments: 
  /Users/dvi06/.nvm/versions/node/v8.9.4/bin/node /usr/local/Cellar/yarn/1.9.4/libexec/bin/yarn.js add node-yaml-config

PATH: 
  /Users/dvi06/.nvm/versions/node/v8.9.4/bin:/usr/local/bin:/usr/bin:/bin:/usr/sbin:/sbin:/opt/webOS_TV_SDK/CLI/bin:/Users/dvi06/tizen-studio/tools/ide/bin:/Users/dvi06/tizen-studio/tools

Yarn version: 
  1.9.4

Node version: 
  8.9.4

Platform: 
  darwin x64

Trace: 
  SyntaxError: /Users/dvi06/personal/learn/crispy-invention/packages/package.json: Unexpected end of JSON input
      at JSON.parse (<anonymous>)
      at /usr/local/Cellar/yarn/1.9.4/libexec/lib/cli.js:1130:59
      at Generator.next (<anonymous>)
      at step (/usr/local/Cellar/yarn/1.9.4/libexec/lib/cli.js:92:30)
      at /usr/local/Cellar/yarn/1.9.4/libexec/lib/cli.js:103:13
      at <anonymous>

npm manifest: 
  

yarn manifest: 
  No manifest

Lockfile: 
  No lockfile
